{
  "RSpec": {
    "coverage": {
      "/Users/bertz/Projects/Bank/spec/account_spec.rb": [
        1,
        null,
        1,
        6,
        2,
        null,
        1,
        1,
        null,
        null,
        1,
        1,
        1,
        null,
        null,
        1,
        1,
        1,
        1,
        null,
        null,
        null,
        1,
        1,
        1,
        1,
        1,
        null,
        null,
        null
      ],
      "/Users/bertz/Projects/Bank/lib/account.rb": [
        1,
        1,
        null,
        1,
        5,
        5,
        null,
        null,
        1,
        2,
        null,
        null,
        1,
        1,
        null,
        null
      ],
      "/Users/bertz/Projects/Bank/spec/printer_spec.rb": [

      ]
    },
    "timestamp": 1497263400
  }
}
