{
  "RSpec": {
    "coverage": {
      "/Users/bertz/Projects/Bank/spec/account_spec.rb": [
        1,
        null,
        1,
        9,
        2,
        null,
        1,
        1,
        null,
        null,
        1,
        1,
        null,
        null,
        1,
        1,
        1,
        1,
        null,
        1,
        1,
        1,
        1,
        null,
        1,
        1,
        1,
        1,
        null,
        null,
        null,
        1,
        1,
        1,
        1,
        1,
        null,
        1,
        1,
        1,
        1,
        1,
        null,
        null,
        null
      ],
      "/Users/bertz/Projects/Bank/lib/account.rb": [
        1,
        1,
        1,
        null,
        1,
        9,
        9,
        null,
        null,
        1,
        7,
        7,
        7,
        null,
        null,
        1,
        2,
        2,
        2,
        null,
        null
      ],
      "/Users/bertz/Projects/Bank/spec/printer_spec.rb": [
        1,
        1,
        null,
        1,
        null,
        1,
        1,
        1,
        1,
        1,
        null,
        null
      ],
      "/Users/bertz/Projects/Bank/lib/printer.rb": [
        1,
        null,
        1,
        1,
        null,
        1,
        1,
        null,
        null,
        1,
        0,
        0,
        0,
        null,
        null,
        null
      ]
    },
    "timestamp": 1497268734
  }
}
